INFO:     Will watch for changes in these directories: ['/Users/liujiahua/Downloads/VPS端口byClaude/snell-ufw-manager/controller']
INFO:     Uvicorn running on http://127.0.0.1:8900 (Press CTRL+C to quit)
INFO:     Started reloader process [49960] using WatchFiles
INFO:     Started server process [49971]
INFO:     Waiting for application startup.
INFO:     Application startup complete.
WARNING:  WatchFiles detected changes in 'app/main.py'. Reloading...
INFO:     Shutting down
INFO:     Waiting for application shutdown.
INFO:     Application shutdown complete.
INFO:     Finished server process [49971]
INFO:     Started server process [50072]
INFO:     Waiting for application startup.
INFO:     Application startup complete.
WARNING:  WatchFiles detected changes in 'app/main.py'. Reloading...
INFO:     Shutting down
INFO:     Waiting for application shutdown.
INFO:     Application shutdown complete.
INFO:     Finished server process [50072]
INFO:     Started server process [50144]
INFO:     Waiting for application startup.
INFO:     Application startup complete.
WARNING:  WatchFiles detected changes in 'app/database.py'. Reloading...
INFO:     Shutting down
INFO:     Waiting for application shutdown.
INFO:     Application shutdown complete.
INFO:     Finished server process [50144]
INFO:     Started server process [50251]
INFO:     Waiting for application startup.
ERROR:    Traceback (most recent call last):
  File "/Users/liujiahua/Downloads/VPS端口byClaude/snell-ufw-manager/venv/lib/python3.13/site-packages/starlette/routing.py", line 692, in lifespan
    async with self.lifespan_context(app) as maybe_state:
               ~~~~~~~~~~~~~~~~~~~~~^^^^^
  File "/opt/homebrew/Cellar/python@3.13/3.13.1/Frameworks/Python.framework/Versions/3.13/lib/python3.13/contextlib.py", line 214, in __aenter__
    return await anext(self.gen)
           ^^^^^^^^^^^^^^^^^^^^^
  File "/Users/liujiahua/Downloads/VPS端口byClaude/snell-ufw-manager/controller/app/main.py", line 152, in lifespan
    await db.init_db()
  File "/Users/liujiahua/Downloads/VPS端口byClaude/snell-ufw-manager/controller/app/database.py", line 83, in init_db
    await db.executescript(SCHEMA)
  File "/Users/liujiahua/Downloads/VPS端口byClaude/snell-ufw-manager/venv/lib/python3.13/site-packages/aiosqlite/core.py", line 215, in executescript
    cursor = await self._execute(self._conn.executescript, sql_script)
             ^^^^^^^^^^^^^^^^^^^^^^^^^^^^^^^^^^^^^^^^^^^^^^^^^^^^^^^^^
  File "/Users/liujiahua/Downloads/VPS端口byClaude/snell-ufw-manager/venv/lib/python3.13/site-packages/aiosqlite/core.py", line 122, in _execute
    return await future
           ^^^^^^^^^^^^
  File "/Users/liujiahua/Downloads/VPS端口byClaude/snell-ufw-manager/venv/lib/python3.13/site-packages/aiosqlite/core.py", line 105, in run
    result = function()
sqlite3.OperationalError: near "CREATE": syntax error

ERROR:    Application startup failed. Exiting.
WARNING:  WatchFiles detected changes in 'app/database.py'. Reloading...
INFO:     Started server process [50260]
INFO:     Waiting for application startup.
INFO:     Application startup complete.
WARNING:  WatchFiles detected changes in 'app/database.py'. Reloading...
INFO:     Shutting down
INFO:     Waiting for application shutdown.
INFO:     Application shutdown complete.
INFO:     Finished server process [50260]
INFO:     Started server process [50267]
INFO:     Waiting for application startup.
INFO:     Application startup complete.
WARNING:  WatchFiles detected changes in 'app/main.py'. Reloading...
INFO:     Shutting down
INFO:     Waiting for application shutdown.
INFO:     Application shutdown complete.
INFO:     Finished server process [50267]
INFO:     Started server process [50272]
INFO:     Waiting for application startup.
INFO:     Application startup complete.
WARNING:  WatchFiles detected changes in 'app/main.py'. Reloading...
INFO:     Shutting down
INFO:     Waiting for application shutdown.
INFO:     Application shutdown complete.
INFO:     Finished server process [50272]
INFO:     Started server process [50283]
INFO:     Waiting for application startup.
INFO:     Application startup complete.
WARNING:  WatchFiles detected changes in 'app/main.py'. Reloading...
INFO:     Shutting down
INFO:     Waiting for application shutdown.
INFO:     Application shutdown complete.
INFO:     Finished server process [50283]
INFO:     Started server process [50293]
INFO:     Waiting for application startup.
INFO:     Application startup complete.
WARNING:  WatchFiles detected changes in 'app/main.py'. Reloading...
INFO:     Shutting down
INFO:     Waiting for application shutdown.
INFO:     Application shutdown complete.
INFO:     Finished server process [50293]
INFO:     Started server process [50310]
INFO:     Waiting for application startup.
INFO:     Application startup complete.
WARNING:  WatchFiles detected changes in 'app/main.py'. Reloading...
INFO:     Shutting down
INFO:     Waiting for application shutdown.
INFO:     Application shutdown complete.
INFO:     Finished server process [50310]
INFO:     Started server process [50316]
INFO:     Waiting for application startup.
INFO:     Application startup complete.
